<?xml version="1.0" encoding="UTF-8"?>
<testsuite xmlns:xsi="http://www.w3.org/2001/XMLSchema-instance" xsi:noNamespaceSchemaLocation="https://maven.apache.org/surefire/maven-surefire-plugin/xsd/surefire-test-report-3.0.xsd" version="3.0" name="L2_Mobile.test_FE.RunCucumberTest" time="2.352" tests="1" errors="0" skipped="0" failures="0">
  <properties>
[...]
</properties>
  <testcase name="Registrar dni" classname="Registro" time="1.391">
    <system-out><![CDATA[09:36:45.008 [main] DEBUG org.springframework.test.context.BootstrapUtils - Instantiating CacheAwareContextLoaderDelegate from class [org.springframework.test.context.cache.DefaultCacheAwareContextLoaderDelegate]
09:36:45.014 [main] DEBUG org.springframework.test.context.BootstrapUtils - Instantiating BootstrapContext using constructor [public org.springframework.test.context.support.DefaultBootstrapContext(java.lang.Class,org.springframework.test.context.CacheAwareContextLoaderDelegate)]
09:36:45.047 [main] DEBUG org.springframework.test.context.BootstrapUtils - Instantiating TestContextBootstrapper for test class [L2_Mobile.test_FE.CucumberSpringContextConfiguration] from class [org.springframework.boot.test.context.SpringBootTestContextBootstrapper]
09:36:45.056 [main] DEBUG org.springframework.boot.test.context.SpringBootTestContextBootstrapper - Found explicit ContextLoader class [org.springframework.boot.test.context.SpringBootContextLoader] for context configuration attributes [ContextConfigurationAttributes@69b2f8e5 declaringClass = 'L2_Mobile.test_FE.CucumberSpringContextConfiguration', classes = '{class L2_Mobile.test_FE.util.configurationSpring.TestConfig, class L2_Mobile.test_FE.StartApplication}', locations = '{}', inheritLocations = true, initializers = '{}', inheritInitializers = true, name = [null], contextLoaderClass = 'org.springframework.boot.test.context.SpringBootContextLoader']
09:36:45.060 [main] DEBUG org.springframework.test.context.support.AbstractContextLoader - Did not detect default resource location for test class [L2_Mobile.test_FE.CucumberSpringContextConfiguration]: class path resource [L2_Mobile/test_FE/CucumberSpringContextConfiguration-context.xml] does not exist
09:36:45.060 [main] DEBUG org.springframework.test.context.support.AbstractContextLoader - Did not detect default resource location for test class [L2_Mobile.test_FE.CucumberSpringContextConfiguration]: class path resource [L2_Mobile/test_FE/CucumberSpringContextConfigurationContext.groovy] does not exist
09:36:45.061 [main] INFO org.springframework.test.context.support.AbstractContextLoader - Could not detect default resource locations for test class [L2_Mobile.test_FE.CucumberSpringContextConfiguration]: no resource found for suffixes {-context.xml, Context.groovy}.
09:36:45.118 [main] DEBUG org.springframework.test.context.support.ActiveProfilesUtils - Could not find an 'annotation declaring class' for annotation type [org.springframework.test.context.ActiveProfiles] and class [L2_Mobile.test_FE.CucumberSpringContextConfiguration]
09:36:45.179 [main] DEBUG org.springframework.boot.test.context.SpringBootTestContextBootstrapper - @TestExecutionListeners is not present for class [L2_Mobile.test_FE.CucumberSpringContextConfiguration]: using defaults.
09:36:45.180 [main] INFO org.springframework.boot.test.context.SpringBootTestContextBootstrapper - Loaded default TestExecutionListener class names from location [META-INF/spring.factories]: [org.springframework.boot.test.mock.mockito.MockitoTestExecutionListener, org.springframework.boot.test.mock.mockito.ResetMocksTestExecutionListener, org.springframework.boot.test.autoconfigure.restdocs.RestDocsTestExecutionListener, org.springframework.boot.test.autoconfigure.web.client.MockRestServiceServerResetTestExecutionListener, org.springframework.boot.test.autoconfigure.web.servlet.MockMvcPrintOnlyOnFailureTestExecutionListener, org.springframework.boot.test.autoconfigure.web.servlet.WebDriverTestExecutionListener, org.springframework.boot.test.autoconfigure.webservices.client.MockWebServiceServerTestExecutionListener, org.springframework.test.context.web.ServletTestExecutionListener, org.springframework.test.context.support.DirtiesContextBeforeModesTestExecutionListener, org.springframework.test.context.event.ApplicationEventsTestExecutionListener, org.springframework.test.context.support.DependencyInjectionTestExecutionListener, org.springframework.test.context.support.DirtiesContextTestExecutionListener, org.springframework.test.context.transaction.TransactionalTestExecutionListener, org.springframework.test.context.jdbc.SqlScriptsTestExecutionListener, org.springframework.test.context.event.EventPublishingTestExecutionListener]
09:36:45.184 [main] DEBUG org.springframework.boot.test.context.SpringBootTestContextBootstrapper - Skipping candidate TestExecutionListener [org.springframework.test.context.web.ServletTestExecutionListener] due to a missing dependency. Specify custom listener classes or make the default listener classes and their required dependencies available. Offending class: [javax/servlet/ServletContext]
09:36:45.186 [main] DEBUG org.springframework.boot.test.context.SpringBootTestContextBootstrapper - Skipping candidate TestExecutionListener [org.springframework.test.context.transaction.TransactionalTestExecutionListener] due to a missing dependency. Specify custom listener classes or make the default listener classes and their required dependencies available. Offending class: [org/springframework/transaction/interceptor/TransactionAttributeSource]
09:36:45.186 [main] DEBUG org.springframework.boot.test.context.SpringBootTestContextBootstrapper - Skipping candidate TestExecutionListener [org.springframework.test.context.jdbc.SqlScriptsTestExecutionListener] due to a missing dependency. Specify custom listener classes or make the default listener classes and their required dependencies available. Offending class: [org/springframework/transaction/interceptor/TransactionAttribute]
09:36:45.186 [main] INFO org.springframework.boot.test.context.SpringBootTestContextBootstrapper - Using TestExecutionListeners: [org.springframework.test.context.support.DirtiesContextBeforeModesTestExecutionListener@5e1218b4, org.springframework.test.context.event.ApplicationEventsTestExecutionListener@12958360, org.springframework.boot.test.mock.mockito.MockitoTestExecutionListener@c6e0f32, org.springframework.boot.test.autoconfigure.SpringBootDependencyInjectionTestExecutionListener@6f3f0fae, org.springframework.test.context.support.DirtiesContextTestExecutionListener@21a66d45, org.springframework.test.context.event.EventPublishingTestExecutionListener@1f966492, org.springframework.boot.test.mock.mockito.ResetMocksTestExecutionListener@63fdffcd, org.springframework.boot.test.autoconfigure.restdocs.RestDocsTestExecutionListener@7428de63, org.springframework.boot.test.autoconfigure.web.client.MockRestServiceServerResetTestExecutionListener@66f659e6, org.springframework.boot.test.autoconfigure.web.servlet.MockMvcPrintOnlyOnFailureTestExecutionListener@4a68135e, org.springframework.boot.test.autoconfigure.web.servlet.WebDriverTestExecutionListener@46678e49, org.springframework.boot.test.autoconfigure.webservices.client.MockWebServiceServerTestExecutionListener@748e9b20]

  .   ____          _            __ _ _
 /\\ / ___'_ __ _ _(_)_ __  __ _ \ \ \ \
( ( )\___ | '_ | '_| | '_ \/ _` | \ \ \ \
 \\/  ___)| |_)| | | | | || (_| |  ) ) ) )
  '  |____| .__|_| |_|_| |_\__, | / / / /
 =========|_|==============|___/=/_/_/_/
 :: Spring Boot ::                (v2.6.4)

2022-03-11 09:36:45.436  INFO 38185 --- [           main] L.t.CucumberSpringContextConfiguration   : Starting CucumberSpringContextConfiguration using Java 11.0.14 on nico-ThinkPad-L14-Gen-1 with PID 38185 (started by nico in /home/nico/Escritorio/projects/a/Segunda/Automation/MobileL2/test_FE)
2022-03-11 09:36:45.439  INFO 38185 --- [           main] L.t.CucumberSpringContextConfiguration   : No active profile set, falling back to 1 default profile: "default"
2022-03-11 09:36:45.989  INFO 38185 --- [           main] L.t.CucumberSpringContextConfiguration   : Started CucumberSpringContextConfiguration in 0.786 seconds (JVM running for 2.22)

@Registro @Highest
Scenario: Registrar dni                                                                                                                                                                                                                               &amp#27;[90m# features/basicTests.feature:22&amp#27;[0m
2022-03-11 09:36:46.312  INFO 38185 --- [           main] L.t.CucumberSpringContextConfiguration   : Se inicializo correctamente el contexto de spring
  &amp#27;[32mGiven &amp#27;[0m&amp#27;[32mun nuevo usuario ingresa a la app y avanza al Login&amp#27;[0m                                                                                                                                                                                           &amp#27;[90m# L2_Mobile.test_FE.stepdefinitions.LoginStep.un_nuevo_usuario_ingresa_a_la_app_y_avanza_al_login()&amp#27;[0m
  &amp#27;[32mWhen &amp#27;[0m&amp#27;[32moprime sobre el boton Crear mi cuenta&amp#27;[0m                                                                                                                                                                                                          &amp#27;[90m# L2_Mobile.test_FE.stepdefinitions.LoginStep.oprime_sobre_el_boton_crear_mi_cuenta()&amp#27;[0m
  &amp#27;[32mAnd &amp#27;[0m&amp#27;[32mingresa su DNI &amp#27;[0m&amp#27;[32m&amp#27;[1m"16366559"&amp#27;[0m&amp#27;[32m, nombre &amp#27;[0m&amp#27;[32m&amp#27;[1m"Automation"&amp#27;[0m&amp#27;[32m, apellido &amp#27;[0m&amp#27;[32m&amp#27;[1m"Tecso"&amp#27;[0m&amp#27;[32m, telefono &amp#27;[0m&amp#27;[32m&amp#27;[1m"2494281960"&amp#27;[0m&amp#27;[32m y presiona Siguiente&amp#27;[0m                                                                                                                                    &amp#27;[90m# L2_Mobile.test_FE.stepdefinitions.LoginStep.ingresa_su_dni_nombre_apellido_telefono_y_presiona_siguiente(java.lang.String,java.lang.String,java.lang.String,java.lang.String)&amp#27;[0m
  &amp#27;[32mAnd &amp#27;[0m&amp#27;[32mingresa su nombre de usuario &amp#27;[0m&amp#27;[32m&amp#27;[1m"10TecsoAuto"&amp#27;[0m&amp#27;[32m, contraseña &amp#27;[0m&amp#27;[32m&amp#27;[1m"AutomationTecso1"&amp#27;[0m&amp#27;[32m, repite su contraseña &amp#27;[0m&amp#27;[32m&amp#27;[1m"AutomationTecso1"&amp#27;[0m&amp#27;[32m, su mail &amp#27;[0m&amp#27;[32m&amp#27;[1m"nicolas.rioseco@tecso.coop"&amp#27;[0m&amp#27;[32m, repite su mail &amp#27;[0m&amp#27;[32m&amp#27;[1m"nicolas.rioseco@tecso.coop"&amp#27;[0m&amp#27;[32m, acepta T&C y presiona sobre Crear Cuenta&amp#27;[0m &amp#27;[90m# L2_Mobile.test_FE.stepdefinitions.LoginStep.ingresa_su_nombre_de_usuario_contraseña_repite_su_contraseña_su_mail_repite_su_mail_acepta_t_c_y_presiona_sobre_crear_cuenta(java.lang.String,java.lang.String,java.lang.String,java.lang.String,java.lang.String)&amp#27;[0m
  &amp#27;[32mThen &amp#27;[0m&amp#27;[32mse crea correctamente el usuario&amp#27;[0m                                                                                                                                                                                                               &amp#27;[90m# L2_Mobile.test_FE.stepdefinitions.LoginStep.se_crea_correctamente_el_usuario()&amp#27;[0m
]]></system-out>
  </testcase>
</testsuite>